[INFO ] 2018-10-06 07:45:36.785 [main] base - Driver has been initialized
[INFO ] 2018-10-06 07:45:56.182 [main] base - Driver has been initialized
[INFO ] 2018-10-06 08:07:23.057 [main] base - Driver has been initialized
[INFO ] 2018-10-06 08:08:57.688 [main] base - Driver has been initialized
[INFO ] 2018-10-06 08:09:16.182 [main] base - Validated Practice page link on HomePage
[INFO ] 2018-10-06 08:09:16.202 [main] base - Moved into Practice page
[INFO ] 2018-10-06 08:09:16.339 [main] base - Verified radio button title tag
[INFO ] 2018-10-06 08:09:16.639 [main] base - Verified Suggestion Class Textbox title tag
[INFO ] 2018-10-06 08:09:17.010 [main] base - Verified dropdown button title tag
[INFO ] 2018-10-06 08:09:17.052 [main] base - Verified checkbox lable
[INFO ] 2018-10-06 08:09:17.178 [main] base - Validate checkbox option one is selected
[INFO ] 2018-10-06 08:09:17.301 [main] base - Validate checkbox option two is selected
[INFO ] 2018-10-06 08:09:17.409 [main] base - Validate checkbox option three is selected
[INFO ] 2018-10-06 08:09:17.459 [main] base - Verified Switch Window title tag
[INFO ] 2018-10-06 08:09:17.920 [main] base - Verified Switch Window title tag
[INFO ] 2018-10-06 08:09:18.464 [main] base - Verified Switch Window title tag
[INFO ] 2018-10-06 08:09:18.943 [main] base - Verified Element Displayed title tag
[INFO ] 2018-10-06 08:09:19.100 [main] base - Validated hide button
[INFO ] 2018-10-06 08:09:19.201 [main] base - Validated show button
[INFO ] 2018-10-06 08:09:19.258 [main] base - Verified Switch Window title tag
[INFO ] 2018-10-06 08:09:19.677 [main] base - Verified Mouse Hover title tag
[INFO ] 2018-10-06 08:09:19.869 [main] base - Verified Mouse Hovertop button
[INFO ] 2018-10-06 08:09:22.021 [main] base - Verified Mouse Hovertop reload
[INFO ] 2018-10-06 08:10:29.186 [main] base - Driver has been initialized
[INFO ] 2018-10-06 08:10:48.099 [main] base - Validated Practice page link on HomePage
[INFO ] 2018-10-06 08:10:48.124 [main] base - Moved into Practice page
[INFO ] 2018-10-06 08:10:48.177 [main] base - Verified radio button title tag
[INFO ] 2018-10-06 08:10:48.466 [main] base - Verified Suggestion Class Textbox title tag
[INFO ] 2018-10-06 08:10:48.721 [main] base - Verified dropdown button title tag
[INFO ] 2018-10-06 08:10:48.763 [main] base - Verified checkbox lable
[INFO ] 2018-10-06 08:10:48.953 [main] base - Validate checkbox option one is selected
[INFO ] 2018-10-06 08:10:49.062 [main] base - Validate checkbox option two is selected
[INFO ] 2018-10-06 08:10:49.180 [main] base - Validate checkbox option three is selected
[INFO ] 2018-10-06 08:10:49.225 [main] base - Verified Switch Window title tag
[INFO ] 2018-10-06 08:10:49.691 [main] base - Verified Switch Window title tag
[INFO ] 2018-10-06 08:10:50.221 [main] base - Verified Switch Window title tag
[INFO ] 2018-10-06 08:10:50.690 [main] base - Verified Element Displayed title tag
[INFO ] 2018-10-06 08:10:50.845 [main] base - Validated hide button
[INFO ] 2018-10-06 08:10:50.992 [main] base - Validated show button
[INFO ] 2018-10-06 08:10:51.024 [main] base - Verified Switch Window title tag
[INFO ] 2018-10-06 08:10:51.363 [main] base - Verified Mouse Hover title tag
[INFO ] 2018-10-06 08:10:51.562 [main] base - Verified Mouse Hovertop button
[INFO ] 2018-10-06 08:10:53.570 [main] base - Verified Mouse Hovertop reload
[INFO ] 2018-10-06 08:18:38.810 [main] base - Driver has been initialized
[INFO ] 2018-10-06 08:26:35.268 [main] base - Validated Practice page link on HomePage
[INFO ] 2018-10-06 08:26:35.288 [main] base - Moved into Practice page
[INFO ] 2018-10-06 08:26:35.446 [main] base - Verified radio button title tag
[INFO ] 2018-10-06 08:26:35.780 [main] base - Verified Suggestion Class Textbox title tag
[INFO ] 2018-10-06 08:26:36.226 [main] base - Verified dropdown button title tag
[INFO ] 2018-10-06 08:26:36.267 [main] base - Verified checkbox lable
[INFO ] 2018-10-06 08:26:36.377 [main] base - Validate checkbox option one is selected
[INFO ] 2018-10-06 08:26:36.499 [main] base - Validate checkbox option two is selected
[INFO ] 2018-10-06 08:26:36.602 [main] base - Validate checkbox option three is selected
[INFO ] 2018-10-06 08:26:36.649 [main] base - Verified Switch Window title tag
[INFO ] 2018-10-06 08:26:37.185 [main] base - Verified Switch Window title tag
[INFO ] 2018-10-06 08:26:37.751 [main] base - Verified Switch Window title tag
[INFO ] 2018-10-06 08:26:38.267 [main] base - Verified Element Displayed title tag
[INFO ] 2018-10-06 08:26:38.495 [main] base - Validated hide button
[INFO ] 2018-10-06 08:26:38.623 [main] base - Validated show button
[INFO ] 2018-10-06 08:26:38.654 [main] base - Verified Switch Window title tag
[INFO ] 2018-10-06 08:26:39.023 [main] base - Verified Mouse Hover title tag
[INFO ] 2018-10-06 08:26:39.259 [main] base - Verified Mouse Hovertop button
[INFO ] 2018-10-06 08:26:41.200 [main] base - Verified Mouse Hovertop reload
[INFO ] 2018-10-06 08:49:42.985 [main] base - Driver has been initialized
[INFO ] 2018-10-06 08:50:01.966 [main] base - Validated Practice page link on HomePage
[INFO ] 2018-10-06 08:50:01.983 [main] base - Moved into Practice page
[INFO ] 2018-10-06 08:50:02.031 [main] base - Verified radio button title tag
[INFO ] 2018-10-06 08:50:02.354 [main] base - Verified Suggestion Class Textbox title tag
[INFO ] 2018-10-06 08:50:02.640 [main] base - Verified dropdown button title tag
[INFO ] 2018-10-06 08:50:02.762 [main] base - Verified checkbox lable
[INFO ] 2018-10-06 08:50:02.889 [main] base - Validate checkbox option one is selected
[INFO ] 2018-10-06 08:50:03.004 [main] base - Validate checkbox option two is selected
[INFO ] 2018-10-06 08:50:03.133 [main] base - Validate checkbox option three is selected
[INFO ] 2018-10-06 08:50:03.176 [main] base - Verified Switch Window title tag
[INFO ] 2018-10-06 08:50:03.697 [main] base - Verified Switch Window title tag
[INFO ] 2018-10-06 08:50:04.243 [main] base - Verified Switch Window title tag
[INFO ] 2018-10-06 08:50:04.728 [main] base - Verified Element Displayed title tag
[INFO ] 2018-10-06 08:50:04.923 [main] base - Validated hide button
[INFO ] 2018-10-06 08:50:05.061 [main] base - Validated show button
[INFO ] 2018-10-06 08:50:05.085 [main] base - Verified Switch Window title tag
[INFO ] 2018-10-06 08:50:05.400 [main] base - Verified Mouse Hover title tag
[INFO ] 2018-10-06 08:50:05.619 [main] base - Verified Mouse Hovertop button
[INFO ] 2018-10-06 08:50:07.606 [main] base - Verified Mouse Hovertop reload
[INFO ] 2018-10-06 08:50:36.073 [main] base - Driver has been initialized
[INFO ] 2018-10-06 08:52:38.227 [main] base - Driver has been initialized
[INFO ] 2018-10-06 08:53:38.158 [main] base - Driver has been initialized
[INFO ] 2018-10-06 10:53:40.083 [main] base - Verified dropdown button title tag
[INFO ] 2018-10-06 10:56:22.821 [main] base - Driver has been initialized
[INFO ] 2018-10-06 11:00:54.328 [main] base - Driver has been initialized
[INFO ] 2018-10-06 11:02:06.565 [main] base - Driver has been initialized
[INFO ] 2018-10-06 11:03:49.512 [main] base - Driver has been initialized
[INFO ] 2018-10-06 11:04:14.344 [main] base - Validated Practice page link on HomePage
[INFO ] 2018-10-06 11:04:14.383 [main] base - Moved into Practice page
[INFO ] 2018-10-06 11:04:14.584 [main] base - Verified radio button title tag
[INFO ] 2018-10-06 11:04:15.067 [main] base - Verified Suggestion Class Textbox title tag
[INFO ] 2018-10-06 11:04:15.393 [main] base - Verified dropdown button title tag
[INFO ] 2018-10-06 11:04:15.436 [main] base - Verified checkbox lable
[INFO ] 2018-10-06 11:04:15.545 [main] base - Validate checkbox option one is selected
[INFO ] 2018-10-06 11:04:15.685 [main] base - Validate checkbox option two is selected
[INFO ] 2018-10-06 11:04:15.801 [main] base - Validate checkbox option three is selected
[INFO ] 2018-10-06 11:04:15.849 [main] base - Verified Switch Window title tag
[INFO ] 2018-10-06 11:04:16.277 [main] base - Verified Switch Window title tag
[INFO ] 2018-10-06 11:04:16.848 [main] base - Verified Switch Window title tag
[INFO ] 2018-10-06 11:04:17.332 [main] base - Verified Element Displayed title tag
[INFO ] 2018-10-06 11:04:17.540 [main] base - Validated hide button
[INFO ] 2018-10-06 11:04:17.653 [main] base - Validated show button
[INFO ] 2018-10-06 11:04:17.682 [main] base - Verified Switch Window title tag
[INFO ] 2018-10-06 11:04:18.001 [main] base - Verified Mouse Hover title tag
[INFO ] 2018-10-06 11:04:18.229 [main] base - Verified Mouse Hovertop button
[INFO ] 2018-10-06 11:04:20.389 [main] base - Verified Mouse Hovertop reload
[INFO ] 2018-10-06 11:26:55.153 [main] base - Driver has been initialized
[INFO ] 2018-10-06 11:31:41.677 [main] base - Driver has been initialized
[INFO ] 2018-10-06 11:45:37.744 [main] base - Driver has been initialized
[INFO ] 2018-10-06 11:45:52.014 [main] base - Validated Practice page link on HomePage
[INFO ] 2018-10-06 11:45:52.048 [main] base - Moved into Practice page
[INFO ] 2018-10-06 11:46:47.586 [main] base - Driver has been initialized
[INFO ] 2018-10-06 11:47:01.296 [main] base - Validated Practice page link on HomePage
[INFO ] 2018-10-06 11:47:01.311 [main] base - Moved into Practice page
[INFO ] 2018-10-06 11:47:01.370 [main] base - Verified dropdown button title tag
[INFO ] 2018-10-06 11:47:01.842 [main] base - Validated dropdown option 1
[INFO ] 2018-10-06 11:47:01.967 [main] base - Validated dropdown option 2
[INFO ] 2018-10-06 11:47:02.068 [main] base - Validated dropdown option 3
[INFO ] 2018-10-06 11:47:02.155 [main] base - Verified radio button title tag
[INFO ] 2018-10-06 11:47:02.452 [main] base - Verified Suggestion Class Textbox title tag
[INFO ] 2018-10-06 11:47:02.712 [main] base - Verified dropdown button title tag
[INFO ] 2018-10-06 11:47:02.750 [main] base - Verified checkbox lable
[INFO ] 2018-10-06 11:47:02.852 [main] base - Validate checkbox option one is selected
[INFO ] 2018-10-06 11:47:02.948 [main] base - Validate checkbox option two is selected
[INFO ] 2018-10-06 11:47:03.053 [main] base - Validate checkbox option three is selected
[INFO ] 2018-10-06 11:47:03.097 [main] base - Verified Switch Window title tag
[INFO ] 2018-10-06 11:47:03.630 [main] base - Verified Switch Window title tag
[INFO ] 2018-10-06 11:47:04.118 [main] base - Verified Switch Window title tag
[INFO ] 2018-10-06 11:47:04.597 [main] base - Verified Element Displayed title tag
[INFO ] 2018-10-06 11:47:04.780 [main] base - Validated hide button
[INFO ] 2018-10-06 11:47:04.899 [main] base - Validated show button
[INFO ] 2018-10-06 11:47:04.923 [main] base - Verified Switch Window title tag
[INFO ] 2018-10-06 11:47:05.228 [main] base - Verified Mouse Hover title tag
[INFO ] 2018-10-06 11:47:05.412 [main] base - Verified Mouse Hovertop button
[INFO ] 2018-10-06 11:47:07.452 [main] base - Verified Mouse Hovertop reload
